Build started 02.05.2016 00:45:01.
     1>Project "G:\Uni\AR\AR_Exercise\Exercise_1\Exercise_1\Exercise_1.vcxproj" on node 2 (Build target(s)).
     1>ClCompile:
         C:\Program Files (x86)\Microsoft Visual Studio 12.0\VC\bin\x86_amd64\CL.exe /c /IG:\Uni\AR\opencv\build\x64\vc12\..\..\include\ /Zi /nologo /W3 /WX- /sdl /Od /D WIN32 /D _DEBUG /D _CONSOLE /D _LIB /D _UNICODE /D UNICODE /Gm /EHsc /RTC1 /MDd /GS /fp:precise /Zc:wchar_t /Zc:forScope /Fo"x64\Debug\\" /Fd"x64\Debug\vc120.pdb" /Gd /TP /errorReport:prompt Sheet_01.cpp
         Sheet_01.cpp
     1>Sheet_01.cpp(73): error C3867: 'std::vector<std::vector<cv::Point,std::allocator<_Ty>>,std::allocator<std::vector<_Ty,std::allocator<_Ty>>>>::at': function call missing argument list; use '&std::vector<std::vector<cv::Point,std::allocator<_Ty>>,std::allocator<std::vector<_Ty,std::allocator<_Ty>>>>::at' to create a pointer to member
                 with
                 [
                     _Ty=cv::Point
                 ]
     1>Sheet_01.cpp(73): error C2109: subscript requires array or pointer type
     1>Sheet_01.cpp(73): error C2228: left of '.size' must have class/struct/union
     1>Done Building Project "G:\Uni\AR\AR_Exercise\Exercise_1\Exercise_1\Exercise_1.vcxproj" (Build target(s)) -- FAILED.

Build FAILED.

Time Elapsed 00:00:01.29
